<?xml version="1.0" encoding="UTF-8"?>
<!-- Generated by org.testng.reporters.JUnitReportReporter -->
<testsuite hostname="LAPTOP-GB1V8VA2" failures="0" tests="8" name="Test.TestHomePage" time="12.317" errors="0" timestamp="15 Oct 2020 19:39:43 GMT" skipped="0">
  <testcase classname="Test.TestHomePage" name="newCoursesRecordCheck" time="0.570"/>
  <testcase classname="Test.TestHomePage" name="headersListCheck" time="1.082"/>
  <testcase classname="Test.TestHomePage" name="headerCheck" time="0.695"/>
  <testcase classname="Test.TestHomePage" name="checkCoursesDetailsLink" time="2.262"/>
  <testcase classname="Test.TestHomePage" name="veirfyPageCoursesTitle" time="0.487"/>
  <testcase classname="Test.TestHomePage" name="editCoursesFeatureCheck" time="3.207"/>
  <testcase classname="Test.TestHomePage" name="verifyCoursesNCreateLink" time="0.900"/>
  <testcase classname="Test.TestHomePage" name="checkDeleteLink" time="3.114"/>
</testsuite> <!-- Test.TestHomePage -->
